<?xml version="1.0" encoding="UTF-8"?>
<!-- Generated by org.testng.reporters.JUnitXMLReporter -->
<testsuite ignored="0" hostname="DESKTOP-OOTTLBB" failures="0" tests="4" name="Default test" time="283.36" errors="0" timestamp="2023-04-13T13:52:32 CET">
  <testcase classname="tests.Offline_Authentification" name="Authentification" time="21.403"/>
  <testcase classname="tests.Offline_Control_Mode" name="CreationSite" time="6.181"/>
  <testcase classname="tests.Offline_Control_Mode" name="Creation_Area" time="17.903"/>
  <testcase classname="tests.Offline_Control_Mode" name="add_Device_ControlAcc_SceneAuto_ForOnce" time="217.48"/>
</testsuite> <!-- Default test -->
