<?xml version="1.0" encoding="UTF-8"?>
<!-- Generated by org.testng.reporters.JUnitXMLReporter -->
<testsuite ignored="0" hostname="DESKTOP-OOTTLBB" failures="0" tests="4" name="Default test" time="178.685" errors="0" timestamp="2023-04-11T13:58:17 CET">
  <testcase classname="tests.Offline_Authentification" name="Authentification" time="20.464"/>
  <testcase classname="tests.Offline_Control_Mode" name="CreationSite" time="6.736"/>
  <testcase classname="tests.Offline_Control_Mode" name="Creation_Area" time="17.541"/>
  <testcase classname="tests.Offline_Control_Mode" name="add_Device_SceneAuto_ForOnce" time="117.382"/>
</testsuite> <!-- Default test -->
