<?xml version="1.0" encoding="UTF-8"?>
<!-- Generated by org.testng.reporters.JUnitXMLReporter -->
<testsuite ignored="1" hostname="DESKTOP-OOTTLBB" failures="2" tests="8" name="RC1" time="301.314" errors="0" timestamp="2023-06-06T13:12:27 CET">
  <testcase classname="tests.Offline_Mode" name="Authentification" time="14.38"/>
  <testcase classname="tests.Offline_Mode" name="CreationSite" time="6.67"/>
  <testcase classname="tests.Offline_Mode" name="Creation_Area" time="21.32"/>
  <testcase classname="tests.Offline_Mode" name="add_Device" time="61.282"/>
  <testcase classname="tests.Offline_Mode" name="control_Acc_Case1" time="62.753"/>
  <testcase classname="tests.Offline_Mode" name="control_acc_case2" time="26.064">
    <failure type="java.lang.RuntimeException" message="La méthode a échoué en raison de l&amp;apos;affichage et le controle de l&amp;apos;accessoire du site1 dans le site2">
      <![CDATA[java.lang.RuntimeException: La méthode a échoué en raison de l'affichage et le controle de l'accessoire du site1 dans le site2
at tests.Offline_Mode.control_acc_case2(Offline_Mode.java:327)
at java.base/java.util.ArrayList.forEach(ArrayList.java:1511)
... Removed 27 stack frames]]>
    </failure>
  </testcase> <!-- control_acc_case2 -->
  <testcase classname="tests.Offline_Mode" name="creation_sc_Auto" time="63.484"/>
  <testcase classname="tests.Offline_Mode" name="edit_Device" time="45.302">
    <failure type="java.lang.RuntimeException" message="La méthode a échoué en raison de la mise en surbrillance du bouton.">
      <![CDATA[java.lang.RuntimeException: La méthode a échoué en raison de la mise en surbrillance du bouton.
at tests.Offline_Mode.edit_Device(Offline_Mode.java:565)
at java.base/java.util.ArrayList.forEach(ArrayList.java:1511)
... Removed 27 stack frames]]>
    </failure>
  </testcase> <!-- edit_Device -->
  <testcase classname="config.BaseClass" name="@BeforeSuite setup" time="0.0">
    <ignored/>
  </testcase> <!-- @BeforeSuite setup -->
</testsuite> <!-- RC1 -->
