<?xml version="1.0" encoding="UTF-8"?>
<!-- Generated by org.testng.reporters.JUnitXMLReporter -->
<testsuite ignored="2" hostname="DESKTOP-OOTTLBB" failures="3" tests="6" name="V_0.11.0" time="0.131" errors="0" timestamp="2023-05-23T11:36:24 CET">
  <testcase classname="tests.Offline_Control_Mode" name="CreationSite" time="0.045">
    <failure type="java.lang.NullPointerException" message="Cannot invoke &amp;quot;org.openqa.selenium.SearchContext.findElement(org.openqa.selenium.By)&amp;quot; because &amp;quot;this.searchContext&amp;quot; is null">
      <![CDATA[java.lang.NullPointerException: Cannot invoke "org.openqa.selenium.SearchContext.findElement(org.openqa.selenium.By)" because "this.searchContext" is null
at org.openqa.selenium.support.pagefactory.DefaultElementLocator.findElement(DefaultElementLocator.java:70)
at org.openqa.selenium.support.pagefactory.internal.LocatingElementHandler.invoke(LocatingElementHandler.java:39)
at jdk.proxy2/jdk.proxy2.$Proxy7.click(Unknown Source)
at tests.Offline_Control_Mode.CreationSite(Offline_Control_Mode.java:65)
at java.base/java.util.ArrayList.forEach(ArrayList.java:1511)
... Removed 31 stack frames]]>
    </failure>
  </testcase> <!-- CreationSite -->
  <testcase classname="tests.Offline_Control_Mode" name="creationScAuto" time="0.008">
    <failure type="java.lang.NullPointerException" message="Cannot invoke &amp;quot;org.openqa.selenium.SearchContext.findElement(org.openqa.selenium.By)&amp;quot; because &amp;quot;this.searchContext&amp;quot; is null">
      <![CDATA[java.lang.NullPointerException: Cannot invoke "org.openqa.selenium.SearchContext.findElement(org.openqa.selenium.By)" because "this.searchContext" is null
at org.openqa.selenium.support.pagefactory.DefaultElementLocator.findElement(DefaultElementLocator.java:70)
at org.openqa.selenium.support.pagefactory.internal.LocatingElementHandler.invoke(LocatingElementHandler.java:39)
at jdk.proxy2/jdk.proxy2.$Proxy7.click(Unknown Source)
at tests.Offline_Control_Mode.creationScAuto(Offline_Control_Mode.java:245)
at java.base/java.util.ArrayList.forEach(ArrayList.java:1511)
... Removed 31 stack frames]]>
    </failure>
  </testcase> <!-- creationScAuto -->
  <testcase classname="tests.Offline_Control_Mode" name="edit_Device" time="0.005">
    <failure type="java.lang.NullPointerException" message="Cannot invoke &amp;quot;org.openqa.selenium.SearchContext.findElement(org.openqa.selenium.By)&amp;quot; because &amp;quot;this.searchContext&amp;quot; is null">
      <![CDATA[java.lang.NullPointerException: Cannot invoke "org.openqa.selenium.SearchContext.findElement(org.openqa.selenium.By)" because "this.searchContext" is null
at org.openqa.selenium.support.pagefactory.DefaultElementLocator.findElement(DefaultElementLocator.java:70)
at org.openqa.selenium.support.pagefactory.internal.LocatingElementHandler.invoke(LocatingElementHandler.java:39)
at jdk.proxy2/jdk.proxy2.$Proxy7.click(Unknown Source)
at tests.Offline_Control_Mode.edit_Device(Offline_Control_Mode.java:352)
at java.base/java.util.ArrayList.forEach(ArrayList.java:1511)
... Removed 31 stack frames]]>
    </failure>
  </testcase> <!-- edit_Device -->
  <testcase classname="tests.Offline_Control_Mode" name="Creation_Area" time="0.0">
    <skipped/>
  </testcase> <!-- Creation_Area -->
  <testcase classname="tests.Offline_Control_Mode" name="add_Device" time="0.001">
    <skipped/>
  </testcase> <!-- add_Device -->
  <testcase classname="tests.Offline_Control_Mode" name="control_Acc" time="0.0">
    <skipped/>
  </testcase> <!-- control_Acc -->
  <testcase classname="config.BaseClass" name="Authentification" time="0.0">
    <ignored/>
  </testcase> <!-- Authentification -->
  <testcase classname="config.BaseClass" name="Authentification" time="0.0">
    <ignored/>
  </testcase> <!-- Authentification -->
</testsuite> <!-- V_0.11.0 -->
