<?xml version="1.0" encoding="UTF-8"?>
<!-- Generated by org.testng.reporters.JUnitXMLReporter -->
<testsuite ignored="1" hostname="DESKTOP-OOTTLBB" failures="2" tests="8" name="V_0.11.0" time="227.265" errors="0" timestamp="2023-05-25T10:10:27 CET">
  <testcase classname="tests.Offline_Control_Mode" name="Authentification" time="15.528"/>
  <testcase classname="tests.Offline_Control_Mode" name="CreationSite" time="6.714"/>
  <testcase classname="tests.Offline_Control_Mode" name="Creation_Area" time="16.515"/>
  <testcase classname="tests.Offline_Control_Mode" name="CréationSite2" time="1.101">
    <failure type="org.openqa.selenium.NoSuchElementException" message="An element could not be located on the page using the given search parameters.
For documentation on this error, please visit: https://selenium.dev/exceptions/#no_such_element
Build info: version: &amp;apos;4.9.1&amp;apos;, revision: &amp;apos;eb2032df7f&amp;apos;
System info: os.name: &amp;apos;Windows 10&amp;apos;, os.arch: &amp;apos;amd64&amp;apos;, os.version: &amp;apos;10.0&amp;apos;, java.version: &amp;apos;17.0.6&amp;apos;
Driver info: io.appium.java_client.android.AndroidDriver
Command: [b3bc4848-94ad-4218-87ac-2e03203d7535, findElement {using=xpath, value=/hierarchy/android.widget.FrameLayout/android.widget.LinearLayout/android.widget.FrameLayout/android.widget.LinearLayout/android.widget.FrameLayout/android.widget.LinearLayout/android.view.ViewGroup/android.widget.FrameLayout/android.widget.FrameLayout/android.widget.ScrollView/android.view.ViewGroup/android.view.ViewGroup/android.view.ViewGroup/android.view.ViewGroup/android.widget.TextView}]
Capabilities {appium:app: E:\Commendo\Commendo.apk, appium:appPackage: com.sofia.commendo, appium:databaseEnabled: false, appium:desired: {app: E:\Commendo\Commendo.apk, deviceName: HUAWEI Y7 Prime 2019, newCommandTimeout: 60, platformName: ANDROID, platformVersion: 8.1, udid: BVK6R20519013034}, appium:deviceApiLevel: 27, appium:deviceManufacturer: HUAWEI, appium:deviceModel: DUB-LX1, appium:deviceName: BVK6R20519013034, appium:deviceScreenDensity: 320, appium:deviceScreenSize: 720x1520, appium:deviceUDID: BVK6R20519013034, appium:javascriptEnabled: true, appium:locationContextEnabled: false, appium:networkConnectionEnabled: true, appium:newCommandTimeout: 60, appium:pixelRatio: 2, appium:platformVersion: 8.1.0, appium:statBarHeight: 54, appium:takesScreenshot: true, appium:udid: BVK6R20519013034, appium:viewportRect: {height: 1386, left: 0, top: 54, width: 720}, appium:warnings: {}, appium:webStorageEnabled: false, platformName: ANDROID}
Session ID: b3bc4848-94ad-4218-87ac-2e03203d7535">
      <![CDATA[org.openqa.selenium.NoSuchElementException: An element could not be located on the page using the given search parameters.
For documentation on this error, please visit: https://selenium.dev/exceptions/#no_such_element
Build info: version: '4.9.1', revision: 'eb2032df7f'
System info: os.name: 'Windows 10', os.arch: 'amd64', os.version: '10.0', java.version: '17.0.6'
Driver info: io.appium.java_client.android.AndroidDriver
Command: [b3bc4848-94ad-4218-87ac-2e03203d7535, findElement {using=xpath, value=/hierarchy/android.widget.FrameLayout/android.widget.LinearLayout/android.widget.FrameLayout/android.widget.LinearLayout/android.widget.FrameLayout/android.widget.LinearLayout/android.view.ViewGroup/android.widget.FrameLayout/android.widget.FrameLayout/android.widget.ScrollView/android.view.ViewGroup/android.view.ViewGroup/android.view.ViewGroup/android.view.ViewGroup/android.widget.TextView}]
Capabilities {appium:app: E:\Commendo\Commendo.apk, appium:appPackage: com.sofia.commendo, appium:databaseEnabled: false, appium:desired: {app: E:\Commendo\Commendo.apk, deviceName: HUAWEI Y7 Prime 2019, newCommandTimeout: 60, platformName: ANDROID, platformVersion: 8.1, udid: BVK6R20519013034}, appium:deviceApiLevel: 27, appium:deviceManufacturer: HUAWEI, appium:deviceModel: DUB-LX1, appium:deviceName: BVK6R20519013034, appium:deviceScreenDensity: 320, appium:deviceScreenSize: 720x1520, appium:deviceUDID: BVK6R20519013034, appium:javascriptEnabled: true, appium:locationContextEnabled: false, appium:networkConnectionEnabled: true, appium:newCommandTimeout: 60, appium:pixelRatio: 2, appium:platformVersion: 8.1.0, appium:statBarHeight: 54, appium:takesScreenshot: true, appium:udid: BVK6R20519013034, appium:viewportRect: {height: 1386, left: 0, top: 54, width: 720}, appium:warnings: {}, appium:webStorageEnabled: false, platformName: ANDROID}
Session ID: b3bc4848-94ad-4218-87ac-2e03203d7535
at org.openqa.selenium.remote.codec.w3c.W3CHttpResponseCodec.createException(W3CHttpResponseCodec.java:200)
at org.openqa.selenium.remote.codec.w3c.W3CHttpResponseCodec.decode(W3CHttpResponseCodec.java:133)
at org.openqa.selenium.remote.codec.w3c.W3CHttpResponseCodec.decode(W3CHttpResponseCodec.java:53)
at org.openqa.selenium.remote.HttpCommandExecutor.execute(HttpCommandExecutor.java:193)
at io.appium.java_client.remote.AppiumCommandExecutor.execute(AppiumCommandExecutor.java:262)
at org.openqa.selenium.remote.RemoteWebDriver.execute(RemoteWebDriver.java:543)
at org.openqa.selenium.remote.ElementLocation$ElementFinder$2.findElement(ElementLocation.java:162)
at org.openqa.selenium.remote.ElementLocation.findElement(ElementLocation.java:60)
at org.openqa.selenium.remote.RemoteWebDriver.findElement(RemoteWebDriver.java:352)
at org.openqa.selenium.remote.RemoteWebDriver.findElement(RemoteWebDriver.java:344)
at org.openqa.selenium.support.pagefactory.DefaultElementLocator.findElement(DefaultElementLocator.java:70)
at org.openqa.selenium.support.pagefactory.internal.LocatingElementHandler.invoke(LocatingElementHandler.java:39)
at jdk.proxy2/jdk.proxy2.$Proxy17.click(Unknown Source)
at tests.Offline_Control_Mode.CréationSite2(Offline_Control_Mode.java:472)
at java.base/java.util.ArrayList.forEach(ArrayList.java:1511)
... Removed 32 stack frames]]>
    </failure>
  </testcase> <!-- CréationSite2 -->
  <testcase classname="tests.Offline_Control_Mode" name="add_Device" time="95.969"/>
  <testcase classname="tests.Offline_Control_Mode" name="control_Acc" time="60.89"/>
  <testcase classname="tests.Offline_Control_Mode" name="creationScAuto" time="0.958">
    <failure type="org.openqa.selenium.NoSuchElementException" message="An element could not be located on the page using the given search parameters.
For documentation on this error, please visit: https://selenium.dev/exceptions/#no_such_element
Build info: version: &amp;apos;4.9.1&amp;apos;, revision: &amp;apos;eb2032df7f&amp;apos;
System info: os.name: &amp;apos;Windows 10&amp;apos;, os.arch: &amp;apos;amd64&amp;apos;, os.version: &amp;apos;10.0&amp;apos;, java.version: &amp;apos;17.0.6&amp;apos;
Driver info: io.appium.java_client.android.AndroidDriver
Command: [b3bc4848-94ad-4218-87ac-2e03203d7535, findElement {using=xpath, value=//android.widget.LinearLayout[@content-desc=&amp;quot;Automatisation&amp;quot;]}]
Capabilities {appium:app: E:\Commendo\Commendo.apk, appium:appPackage: com.sofia.commendo, appium:databaseEnabled: false, appium:desired: {app: E:\Commendo\Commendo.apk, deviceName: HUAWEI Y7 Prime 2019, newCommandTimeout: 60, platformName: ANDROID, platformVersion: 8.1, udid: BVK6R20519013034}, appium:deviceApiLevel: 27, appium:deviceManufacturer: HUAWEI, appium:deviceModel: DUB-LX1, appium:deviceName: BVK6R20519013034, appium:deviceScreenDensity: 320, appium:deviceScreenSize: 720x1520, appium:deviceUDID: BVK6R20519013034, appium:javascriptEnabled: true, appium:locationContextEnabled: false, appium:networkConnectionEnabled: true, appium:newCommandTimeout: 60, appium:pixelRatio: 2, appium:platformVersion: 8.1.0, appium:statBarHeight: 54, appium:takesScreenshot: true, appium:udid: BVK6R20519013034, appium:viewportRect: {height: 1386, left: 0, top: 54, width: 720}, appium:warnings: {}, appium:webStorageEnabled: false, platformName: ANDROID}
Session ID: b3bc4848-94ad-4218-87ac-2e03203d7535">
      <![CDATA[org.openqa.selenium.NoSuchElementException: An element could not be located on the page using the given search parameters.
For documentation on this error, please visit: https://selenium.dev/exceptions/#no_such_element
Build info: version: '4.9.1', revision: 'eb2032df7f'
System info: os.name: 'Windows 10', os.arch: 'amd64', os.version: '10.0', java.version: '17.0.6'
Driver info: io.appium.java_client.android.AndroidDriver
Command: [b3bc4848-94ad-4218-87ac-2e03203d7535, findElement {using=xpath, value=//android.widget.LinearLayout[@content-desc="Automatisation"]}]
Capabilities {appium:app: E:\Commendo\Commendo.apk, appium:appPackage: com.sofia.commendo, appium:databaseEnabled: false, appium:desired: {app: E:\Commendo\Commendo.apk, deviceName: HUAWEI Y7 Prime 2019, newCommandTimeout: 60, platformName: ANDROID, platformVersion: 8.1, udid: BVK6R20519013034}, appium:deviceApiLevel: 27, appium:deviceManufacturer: HUAWEI, appium:deviceModel: DUB-LX1, appium:deviceName: BVK6R20519013034, appium:deviceScreenDensity: 320, appium:deviceScreenSize: 720x1520, appium:deviceUDID: BVK6R20519013034, appium:javascriptEnabled: true, appium:locationContextEnabled: false, appium:networkConnectionEnabled: true, appium:newCommandTimeout: 60, appium:pixelRatio: 2, appium:platformVersion: 8.1.0, appium:statBarHeight: 54, appium:takesScreenshot: true, appium:udid: BVK6R20519013034, appium:viewportRect: {height: 1386, left: 0, top: 54, width: 720}, appium:warnings: {}, appium:webStorageEnabled: false, platformName: ANDROID}
Session ID: b3bc4848-94ad-4218-87ac-2e03203d7535
at org.openqa.selenium.remote.codec.w3c.W3CHttpResponseCodec.createException(W3CHttpResponseCodec.java:200)
at org.openqa.selenium.remote.codec.w3c.W3CHttpResponseCodec.decode(W3CHttpResponseCodec.java:133)
at org.openqa.selenium.remote.codec.w3c.W3CHttpResponseCodec.decode(W3CHttpResponseCodec.java:53)
at org.openqa.selenium.remote.HttpCommandExecutor.execute(HttpCommandExecutor.java:193)
at io.appium.java_client.remote.AppiumCommandExecutor.execute(AppiumCommandExecutor.java:262)
at org.openqa.selenium.remote.RemoteWebDriver.execute(RemoteWebDriver.java:543)
at org.openqa.selenium.remote.ElementLocation$ElementFinder$2.findElement(ElementLocation.java:162)
at org.openqa.selenium.remote.ElementLocation.findElement(ElementLocation.java:60)
at org.openqa.selenium.remote.RemoteWebDriver.findElement(RemoteWebDriver.java:352)
at org.openqa.selenium.remote.RemoteWebDriver.findElement(RemoteWebDriver.java:344)
at org.openqa.selenium.support.pagefactory.DefaultElementLocator.findElement(DefaultElementLocator.java:70)
at org.openqa.selenium.support.pagefactory.internal.LocatingElementHandler.invoke(LocatingElementHandler.java:39)
at jdk.proxy2/jdk.proxy2.$Proxy17.click(Unknown Source)
at tests.Offline_Control_Mode.creationScAuto(Offline_Control_Mode.java:286)
at java.base/java.util.ArrayList.forEach(ArrayList.java:1511)
... Removed 32 stack frames]]>
    </failure>
  </testcase> <!-- creationScAuto -->
  <testcase classname="tests.Offline_Control_Mode" name="edit_Device" time="29.455"/>
  <testcase classname="config.BaseClass" name="@BeforeSuite setup" time="0.0">
    <ignored/>
  </testcase> <!-- @BeforeSuite setup -->
</testsuite> <!-- V_0.11.0 -->
