<?xml version="1.0" encoding="UTF-8"?>
<testsuite xmlns:xsi="http://www.w3.org/2001/XMLSchema-instance" xsi:noNamespaceSchemaLocation="https://maven.apache.org/surefire/maven-surefire-plugin/xsd/surefire-test-report-3.0.xsd" version="3.0" name="TestSuite" time="0.938" tests="6" errors="0" skipped="3" failures="3">
  <properties>
[...]
</properties>
  <testcase name="CreationSite" classname="tests.Offline_Control_Mode" time="0.053">
    <failure message="Cannot invoke &quot;org.openqa.selenium.SearchContext.findElement(org.openqa.selenium.By)&quot; because &quot;this.searchContext&quot; is null" type="java.lang.NullPointerException"><![CDATA[java.lang.NullPointerException: Cannot invoke "org.openqa.selenium.SearchContext.findElement(org.openqa.selenium.By)" because "this.searchContext" is null
	at tests.Offline_Control_Mode.CreationSite(Offline_Control_Mode.java:65)
]]></failure>
  </testcase>
  <testcase name="creationScAuto" classname="tests.Offline_Control_Mode" time="0.008">
    <failure message="Cannot invoke &quot;org.openqa.selenium.SearchContext.findElement(org.openqa.selenium.By)&quot; because &quot;this.searchContext&quot; is null" type="java.lang.NullPointerException"><![CDATA[java.lang.NullPointerException: Cannot invoke "org.openqa.selenium.SearchContext.findElement(org.openqa.selenium.By)" because "this.searchContext" is null
	at tests.Offline_Control_Mode.creationScAuto(Offline_Control_Mode.java:245)
]]></failure>
  </testcase>
  <testcase name="edit_Device" classname="tests.Offline_Control_Mode" time="0.003">
    <failure message="Cannot invoke &quot;org.openqa.selenium.SearchContext.findElement(org.openqa.selenium.By)&quot; because &quot;this.searchContext&quot; is null" type="java.lang.NullPointerException"><![CDATA[java.lang.NullPointerException: Cannot invoke "org.openqa.selenium.SearchContext.findElement(org.openqa.selenium.By)" because "this.searchContext" is null
	at tests.Offline_Control_Mode.edit_Device(Offline_Control_Mode.java:352)
]]></failure>
  </testcase>
  <testcase name="Creation_Area" classname="tests.Offline_Control_Mode" time="0">
    <skipped message="Method Offline_Control_Mode.Creation_Area()[pri:0, instance:tests.Offline_Control_Mode@36902638] depends on not successfully finished methods in group &quot;Creation_site&quot;"/>
  </testcase>
  <testcase name="add_Device" classname="tests.Offline_Control_Mode" time="0">
    <skipped message="Method Offline_Control_Mode.add_Device()[pri:0, instance:tests.Offline_Control_Mode@36902638] depends on not successfully finished methods in group &quot;Creation_espace&quot;"/>
  </testcase>
  <testcase name="control_Acc" classname="tests.Offline_Control_Mode" time="0">
    <skipped message="Method Offline_Control_Mode.control_Acc()[pri:0, instance:tests.Offline_Control_Mode@36902638] depends on not successfully finished methods in group &quot;Add_device&quot;"/>
  </testcase>
</testsuite>