<?xml version="1.0" encoding="UTF-8"?>
<testng-results ignored="0" total="4" passed="3" failed="1" skipped="0">
  <reporter-output>
  </reporter-output>
  <suite started-at="2023-05-10T11:31:46 CET" name="Default suite" finished-at="2023-05-10T11:35:01 CET" duration-ms="194639">
    <groups>
    </groups>
    <test started-at="2023-05-10T11:31:46 CET" name="Default test" finished-at="2023-05-10T11:35:01 CET" duration-ms="194639">
      <class name="tests.Offline_Control_Mode">
        <test-method is-config="true" signature="setup()[pri:0, instance:tests.Offline_Control_Mode@1fc793c2]" started-at="2023-05-10T11:31:46 CET" name="setup" finished-at="2023-05-10T11:32:07 CET" duration-ms="20314" status="PASS">
          <reporter-output>
          </reporter-output>
        </test-method> <!-- setup -->
        <test-method signature="Authentification()[pri:0, instance:tests.Offline_Control_Mode@1fc793c2]" started-at="2023-05-10T11:32:07 CET" name="Authentification" finished-at="2023-05-10T11:32:27 CET" duration-ms="20438" status="PASS">
          <reporter-output>
          </reporter-output>
        </test-method> <!-- Authentification -->
        <test-method signature="CreationSite()[pri:0, instance:tests.Offline_Control_Mode@1fc793c2]" started-at="2023-05-10T11:32:27 CET" name="CreationSite" finished-at="2023-05-10T11:32:33 CET" duration-ms="5872" status="PASS">
          <reporter-output>
          </reporter-output>
        </test-method> <!-- CreationSite -->
        <test-method signature="Creation_Area()[pri:0, instance:tests.Offline_Control_Mode@1fc793c2]" started-at="2023-05-10T11:32:33 CET" name="Creation_Area" finished-at="2023-05-10T11:32:50 CET" duration-ms="17139" status="PASS">
          <reporter-output>
          </reporter-output>
        </test-method> <!-- Creation_Area -->
        <test-method signature="add_Device_ControlAcc_SceneAuto_ForOnce()[pri:0, instance:tests.Offline_Control_Mode@1fc793c2]" started-at="2023-05-10T11:32:50 CET" name="add_Device_ControlAcc_SceneAuto_ForOnce" finished-at="2023-05-10T11:35:01 CET" duration-ms="130751" status="FAIL">
          <exception class="org.openqa.selenium.NoSuchElementException">
            <message>
              <![CDATA[An element could not be located on the page using the given search parameters.
For documentation on this error, please visit: https://selenium.dev/exceptions/#no_such_element
Build info: version: '4.9.1', revision: 'eb2032df7f'
System info: os.name: 'Windows 10', os.arch: 'amd64', os.version: '10.0', java.version: '17.0.6'
Driver info: io.appium.java_client.android.AndroidDriver
Command: [a0082c6b-01fa-445f-be96-1bd0e062652b, findElement {using=xpath, value=//android.widget.FrameLayout[@content-desc="Espace"]}]
Capabilities {appium:app: E:\Commendo\Commendo.apk, appium:appPackage: com.sofia.commendo, appium:databaseEnabled: false, appium:desired: {app: E:\Commendo\Commendo.apk, deviceName: HUAWEI Y7 Prime 2019, newCommandTimeout: 60, platformName: ANDROID, platformVersion: 8.1, udid: BVK6R20519013034}, appium:deviceApiLevel: 27, appium:deviceManufacturer: HUAWEI, appium:deviceModel: DUB-LX1, appium:deviceName: BVK6R20519013034, appium:deviceScreenDensity: 320, appium:deviceScreenSize: 720x1520, appium:deviceUDID: BVK6R20519013034, appium:javascriptEnabled: true, appium:locationContextEnabled: false, appium:networkConnectionEnabled: true, appium:newCommandTimeout: 60, appium:pixelRatio: 2, appium:platformVersion: 8.1.0, appium:statBarHeight: 54, appium:takesScreenshot: true, appium:udid: BVK6R20519013034, appium:viewportRect: {height: 1386, left: 0, top: 54, width: 720}, appium:warnings: {}, appium:webStorageEnabled: false, platformName: ANDROID}
Session ID: a0082c6b-01fa-445f-be96-1bd0e062652b]]>
            </message>
            <full-stacktrace>
              <![CDATA[org.openqa.selenium.NoSuchElementException: An element could not be located on the page using the given search parameters.
For documentation on this error, please visit: https://selenium.dev/exceptions/#no_such_element
Build info: version: '4.9.1', revision: 'eb2032df7f'
System info: os.name: 'Windows 10', os.arch: 'amd64', os.version: '10.0', java.version: '17.0.6'
Driver info: io.appium.java_client.android.AndroidDriver
Command: [a0082c6b-01fa-445f-be96-1bd0e062652b, findElement {using=xpath, value=//android.widget.FrameLayout[@content-desc="Espace"]}]
Capabilities {appium:app: E:\Commendo\Commendo.apk, appium:appPackage: com.sofia.commendo, appium:databaseEnabled: false, appium:desired: {app: E:\Commendo\Commendo.apk, deviceName: HUAWEI Y7 Prime 2019, newCommandTimeout: 60, platformName: ANDROID, platformVersion: 8.1, udid: BVK6R20519013034}, appium:deviceApiLevel: 27, appium:deviceManufacturer: HUAWEI, appium:deviceModel: DUB-LX1, appium:deviceName: BVK6R20519013034, appium:deviceScreenDensity: 320, appium:deviceScreenSize: 720x1520, appium:deviceUDID: BVK6R20519013034, appium:javascriptEnabled: true, appium:locationContextEnabled: false, appium:networkConnectionEnabled: true, appium:newCommandTimeout: 60, appium:pixelRatio: 2, appium:platformVersion: 8.1.0, appium:statBarHeight: 54, appium:takesScreenshot: true, appium:udid: BVK6R20519013034, appium:viewportRect: {height: 1386, left: 0, top: 54, width: 720}, appium:warnings: {}, appium:webStorageEnabled: false, platformName: ANDROID}
Session ID: a0082c6b-01fa-445f-be96-1bd0e062652b
at java.base/jdk.internal.reflect.NativeConstructorAccessorImpl.newInstance0(Native Method)
at java.base/jdk.internal.reflect.NativeConstructorAccessorImpl.newInstance(NativeConstructorAccessorImpl.java:77)
at java.base/jdk.internal.reflect.DelegatingConstructorAccessorImpl.newInstance(DelegatingConstructorAccessorImpl.java:45)
at java.base/java.lang.reflect.Constructor.newInstanceWithCaller(Constructor.java:499)
at java.base/java.lang.reflect.Constructor.newInstance(Constructor.java:480)
at org.openqa.selenium.remote.codec.w3c.W3CHttpResponseCodec.createException(W3CHttpResponseCodec.java:200)
at org.openqa.selenium.remote.codec.w3c.W3CHttpResponseCodec.decode(W3CHttpResponseCodec.java:133)
at org.openqa.selenium.remote.codec.w3c.W3CHttpResponseCodec.decode(W3CHttpResponseCodec.java:53)
at org.openqa.selenium.remote.HttpCommandExecutor.execute(HttpCommandExecutor.java:193)
at io.appium.java_client.remote.AppiumCommandExecutor.execute(AppiumCommandExecutor.java:262)
at org.openqa.selenium.remote.RemoteWebDriver.execute(RemoteWebDriver.java:543)
at org.openqa.selenium.remote.ElementLocation$ElementFinder$2.findElement(ElementLocation.java:162)
at org.openqa.selenium.remote.ElementLocation.findElement(ElementLocation.java:60)
at org.openqa.selenium.remote.RemoteWebDriver.findElement(RemoteWebDriver.java:352)
at org.openqa.selenium.remote.RemoteWebDriver.findElement(RemoteWebDriver.java:344)
at tests.Offline_Control_Mode.add_Device_ControlAcc_SceneAuto_ForOnce(Offline_Control_Mode.java:323)
at java.base/jdk.internal.reflect.NativeMethodAccessorImpl.invoke0(Native Method)
at java.base/jdk.internal.reflect.NativeMethodAccessorImpl.invoke(NativeMethodAccessorImpl.java:77)
at java.base/jdk.internal.reflect.DelegatingMethodAccessorImpl.invoke(DelegatingMethodAccessorImpl.java:43)
at java.base/java.lang.reflect.Method.invoke(Method.java:568)
at org.testng.internal.invokers.MethodInvocationHelper.invokeMethod(MethodInvocationHelper.java:139)
at org.testng.internal.invokers.TestInvoker.invokeMethod(TestInvoker.java:677)
at org.testng.internal.invokers.TestInvoker.invokeTestMethod(TestInvoker.java:221)
at org.testng.internal.invokers.MethodRunner.runInSequence(MethodRunner.java:50)
at org.testng.internal.invokers.TestInvoker$MethodInvocationAgent.invoke(TestInvoker.java:969)
at org.testng.internal.invokers.TestInvoker.invokeTestMethods(TestInvoker.java:194)
at org.testng.internal.invokers.TestMethodWorker.invokeTestMethods(TestMethodWorker.java:148)
at org.testng.internal.invokers.TestMethodWorker.run(TestMethodWorker.java:128)
at java.base/java.util.ArrayList.forEach(ArrayList.java:1511)
at org.testng.TestRunner.privateRun(TestRunner.java:829)
at org.testng.TestRunner.run(TestRunner.java:602)
at org.testng.SuiteRunner.runTest(SuiteRunner.java:437)
at org.testng.SuiteRunner.runSequentially(SuiteRunner.java:431)
at org.testng.SuiteRunner.privateRun(SuiteRunner.java:391)
at org.testng.SuiteRunner.run(SuiteRunner.java:330)
at org.testng.SuiteRunnerWorker.runSuite(SuiteRunnerWorker.java:52)
at org.testng.SuiteRunnerWorker.run(SuiteRunnerWorker.java:95)
at org.testng.TestNG.runSuitesSequentially(TestNG.java:1256)
at org.testng.TestNG.runSuitesLocally(TestNG.java:1176)
at org.testng.TestNG.runSuites(TestNG.java:1099)
at org.testng.TestNG.run(TestNG.java:1067)
at org.testng.remote.AbstractRemoteTestNG.run(AbstractRemoteTestNG.java:115)
at org.testng.remote.RemoteTestNG.initAndRun(RemoteTestNG.java:251)
at org.testng.remote.RemoteTestNG.main(RemoteTestNG.java:77)
]]>
            </full-stacktrace>
          </exception> <!-- org.openqa.selenium.NoSuchElementException -->
          <reporter-output>
          </reporter-output>
        </test-method> <!-- add_Device_ControlAcc_SceneAuto_ForOnce -->
      </class> <!-- tests.Offline_Control_Mode -->
    </test> <!-- Default test -->
  </suite> <!-- Default suite -->
</testng-results>
